info it worked if it ends with ok
verbose cli [ 'node',
verbose cli   '/usr/local/bin/npm',
verbose cli   'install',
verbose cli   'node-static' ]
info using npm@1.0.6
info using node@v0.4.8
verbose /usr/local/bin/node node symlink
verbose config file /Users/okketimm/.npmrc
verbose config file /usr/local/etc/npmrc
verbose into /Volumes/Caruso/rsync/src/Playground/livestats [ 'node-static' ]
verbose cache add [ 'node-static', null ]
info addNamed [ 'node-static', '' ]
verbose addNamed [ null, '' ]
verbose GET node-static
verbose raw, before any munging node-static
verbose url resolving [ 'http://registry.npmjs.org/', './node-static' ]
verbose url resolved http://registry.npmjs.org/node-static
verbose url parsed { protocol: 'http:',
verbose url parsed   slashes: true,
verbose url parsed   host: 'registry.npmjs.org',
verbose url parsed   hostname: 'registry.npmjs.org',
verbose url parsed   href: 'http://registry.npmjs.org/node-static',
verbose url parsed   pathname: '/node-static' }
verbose response http://registry.npmjs.org/node-static
silly chunk {"_id":"node-static","_rev":"3-b2eebd3932d3a72644b7741625ee3514","name":"node-static","description":"simple, compliant file streaming module for node","dist-tags":{"latest":"0.5.6"},"versions":{"0.5.6":{"name":"node-static","description":"simple, compliant file streaming module for node","url":"http://github.com/cloudhead/node-static","keywords":["http","static","file","server"],"author":{"name":"Alexis Sellier","email":"self@cloudhead.net"},"contributors":[],"licenses":["MIT"],"dependencies":{},"lib":"lib","main":"./lib/node-static","version":"0.5.6","directories":{"test":"./test"},"engines":{"node":">= 0.4.1"},"devDependencies":{},"_id":"node-static@0.5.6","_engineSupported":true,"_npmVersion":"1.0.1rc7","_nodeVersion":"v0.4.5","_defaultsLoaded":true,"dist":{"shasum":"50be3328f1d5307e5303ca57137f3dcd665a761e","tarball":"http://registry.npmjs.org/node-static/-/node-static-0.5.6.tgz"}}},"maintainers":[{"name":"cloudhead","email":"self@cloudhead.net"}],"time":{"0.5.6":"2011-05-02T20:48:29.576Z"},"author":{"name":"Alexis Sellier","email":"self@cloudhead.net"}}
silly get cb [ 200,
silly get cb   { vary: 'Accept',
silly get cb     server: 'CouchDB/1.1.0 (Erlang OTP/R14B)',
silly get cb     etag: '"108QQBKV6GPUTQRRC92LCUON9"',
silly get cb     date: 'Fri, 10 Jun 2011 20:21:48 GMT',
silly get cb     'content-type': 'application/json',
silly get cb     'content-length': '1074' } ]
verbose mkdir done: /Users/okketimm/.npm/node-static 755
verbose GET node-static/0.5.6
verbose raw, before any munging node-static/0.5.6
verbose url resolving [ 'http://registry.npmjs.org/',
verbose url resolving   './node-static/0.5.6' ]
verbose url resolved http://registry.npmjs.org/node-static/0.5.6
verbose url parsed { protocol: 'http:',
verbose url parsed   slashes: true,
verbose url parsed   host: 'registry.npmjs.org',
verbose url parsed   hostname: 'registry.npmjs.org',
verbose url parsed   href: 'http://registry.npmjs.org/node-static/0.5.6',
verbose url parsed   pathname: '/node-static/0.5.6' }
verbose response http://registry.npmjs.org/node-static/0.5.6
silly chunk {"name":"node-static","description":"simple, compliant file streaming module for node","url":"http://github.com/cloudhead/node-static","keywords":["http","static","file","server"],"author":{"name":"Alexis Sellier","email":"self@cloudhead.net"},"contributors":[],"licenses":["MIT"],"dependencies":{},"lib":"lib","main":"./lib/node-static","version":"0.5.6","directories":{"test":"./test"},"engines":{"node":">= 0.4.1"},"devDependencies":{},"_id":"node-static@0.5.6","_engineSupported":true,"_npmVersion":"1.0.1rc7","_nodeVersion":"v0.4.5","_defaultsLoaded":true,"dist":{"shasum":"50be3328f1d5307e5303ca57137f3dcd665a761e","tarball":"http://registry.npmjs.org/node-static/-/node-static-0.5.6.tgz"}}
silly get cb [ 200,
silly get cb   { vary: 'Accept',
silly get cb     server: 'CouchDB/1.1.0 (Erlang OTP/R14B)',
silly get cb     etag: '"108QQBKV6GPUTQRRC92LCUON9"',
silly get cb     date: 'Fri, 10 Jun 2011 20:21:48 GMT',
silly get cb     'content-type': 'application/json',
silly get cb     'content-length': '696' } ]
verbose mkdir done: /Users/okketimm/.npm/node-static/0.5.6 755
verbose bin dist [ '0.4-ares1.7.4-ev4.4-openssl0.9.8l-v83.1.8.16-darwin-10.7.0',
verbose bin dist   { shasum: '50be3328f1d5307e5303ca57137f3dcd665a761e',
verbose bin dist     tarball: 'http://registry.npmjs.org/node-static/-/node-static-0.5.6.tgz' } ]
verbose addRemoteTarball [ 'http://registry.npmjs.org/node-static/-/node-static-0.5.6.tgz',
verbose addRemoteTarball   '50be3328f1d5307e5303ca57137f3dcd665a761e' ]
verbose mkdir done: /var/folders/az/aziCVlj5EbKvVhRSiZd3+k+++TI/-Tmp-/npm-1307737312067/1307737312067-0.7118088842835277 755
info fetch http://registry.npmjs.org/node-static/-/node-static-0.5.6.tgz
verbose fetch to /var/folders/az/aziCVlj5EbKvVhRSiZd3+k+++TI/-Tmp-/npm-1307737312067/1307737312067-0.7118088842835277/tmp.tgz
silly updated sha bytes 7068
info shasum 50be3328f1d5307e5303ca57137f3dcd665a761e
info shasum /var/folders/az/aziCVlj5EbKvVhRSiZd3+k+++TI/-Tmp-/npm-1307737312067/1307737312067-0.7118088842835277/tmp.tgz
verbose mkdir done: /var/folders/az/aziCVlj5EbKvVhRSiZd3+k+++TI/-Tmp-/npm-1307737312067/1307737312067-0.7118088842835277/contents/___package.npm 755
verbose unpack_ uid, gid [ undefined, undefined ]
verbose unpackTarget /var/folders/az/aziCVlj5EbKvVhRSiZd3+k+++TI/-Tmp-/npm-1307737312067/1307737312067-0.7118088842835277/contents/package
silly gunzTarPerm modes [ '755', '644' ]
verbose success gzip "--decompress" "--stdout" "/var/folders/az/aziCVlj5EbKvVhRSiZd3+k+++TI/-Tmp-/npm-1307737312067/1307737312067-0.7118088842835277/tmp.tgz"
verbose success tar "-mvxpf" "-" "--no-same-owner" "-C" "/var/folders/az/aziCVlj5EbKvVhRSiZd3+k+++TI/-Tmp-/npm-1307737312067/1307737312067-0.7118088842835277/contents/___package.npm"
silly asyncMap in gTP /var/folders/az/aziCVlj5EbKvVhRSiZd3+k+++TI/-Tmp-/npm-1307737312067/1307737312067-0.7118088842835277/contents/___package.npm/package/
silly asyncMap in gTP /var/folders/az/aziCVlj5EbKvVhRSiZd3+k+++TI/-Tmp-/npm-1307737312067/1307737312067-0.7118088842835277/contents/___package.npm/package/LICENSE
silly asyncMap in gTP /var/folders/az/aziCVlj5EbKvVhRSiZd3+k+++TI/-Tmp-/npm-1307737312067/1307737312067-0.7118088842835277/contents/___package.npm/package/package.json
silly asyncMap in gTP /var/folders/az/aziCVlj5EbKvVhRSiZd3+k+++TI/-Tmp-/npm-1307737312067/1307737312067-0.7118088842835277/contents/___package.npm/package/README.md
silly asyncMap in gTP /var/folders/az/aziCVlj5EbKvVhRSiZd3+k+++TI/-Tmp-/npm-1307737312067/1307737312067-0.7118088842835277/contents/___package.npm/package/benchmark/
silly asyncMap in gTP /var/folders/az/aziCVlj5EbKvVhRSiZd3+k+++TI/-Tmp-/npm-1307737312067/1307737312067-0.7118088842835277/contents/___package.npm/package/benchmark/node-static-0.3.0.txt
silly asyncMap in gTP /var/folders/az/aziCVlj5EbKvVhRSiZd3+k+++TI/-Tmp-/npm-1307737312067/1307737312067-0.7118088842835277/contents/___package.npm/package/examples/
silly asyncMap in gTP /var/folders/az/aziCVlj5EbKvVhRSiZd3+k+++TI/-Tmp-/npm-1307737312067/1307737312067-0.7118088842835277/contents/___package.npm/package/examples/file-server.js
silly asyncMap in gTP /var/folders/az/aziCVlj5EbKvVhRSiZd3+k+++TI/-Tmp-/npm-1307737312067/1307737312067-0.7118088842835277/contents/___package.npm/package/lib/
silly asyncMap in gTP /var/folders/az/aziCVlj5EbKvVhRSiZd3+k+++TI/-Tmp-/npm-1307737312067/1307737312067-0.7118088842835277/contents/___package.npm/package/lib/node-static.js
silly asyncMap in gTP /var/folders/az/aziCVlj5EbKvVhRSiZd3+k+++TI/-Tmp-/npm-1307737312067/1307737312067-0.7118088842835277/contents/___package.npm/package/lib/node-static/
silly asyncMap in gTP /var/folders/az/aziCVlj5EbKvVhRSiZd3+k+++TI/-Tmp-/npm-1307737312067/1307737312067-0.7118088842835277/contents/___package.npm/package/lib/node-static/mime.js
silly asyncMap in gTP /var/folders/az/aziCVlj5EbKvVhRSiZd3+k+++TI/-Tmp-/npm-1307737312067/1307737312067-0.7118088842835277/contents/___package.npm/package/lib/node-static/util.js
verbose gunzed /var/folders/az/aziCVlj5EbKvVhRSiZd3+k+++TI/-Tmp-/npm-1307737312067/1307737312067-0.7118088842835277/contents/___package.npm/package
verbose rm'ed /var/folders/az/aziCVlj5EbKvVhRSiZd3+k+++TI/-Tmp-/npm-1307737312067/1307737312067-0.7118088842835277/contents/package
verbose renamed [ '/var/folders/az/aziCVlj5EbKvVhRSiZd3+k+++TI/-Tmp-/npm-1307737312067/1307737312067-0.7118088842835277/contents/___package.npm/package',
verbose renamed   '/var/folders/az/aziCVlj5EbKvVhRSiZd3+k+++TI/-Tmp-/npm-1307737312067/1307737312067-0.7118088842835277/contents/package' ]
silly testEngine { name: 'node-static',
silly testEngine   description: 'simple, compliant file streaming module for node',
silly testEngine   url: 'http://github.com/cloudhead/node-static',
silly testEngine   keywords: [ 'http', 'static', 'file', 'server' ],
silly testEngine   author: 
silly testEngine    { name: 'Alexis Sellier',
silly testEngine      email: 'self@cloudhead.net' },
silly testEngine   contributors: [],
silly testEngine   licenses: [ 'MIT' ],
silly testEngine   dependencies: {},
silly testEngine   lib: 'lib',
silly testEngine   main: './lib/node-static',
silly testEngine   version: '0.5.6',
silly testEngine   directories: { test: './test' },
silly testEngine   engines: { node: '>= 0.4.1' },
silly testEngine   devDependencies: {},
silly testEngine   _id: 'node-static@0.5.6',
silly testEngine   _engineSupported: true,
silly testEngine   _npmVersion: '1.0.6',
silly testEngine   _nodeVersion: 'v0.4.8',
silly testEngine   _defaultsLoaded: true,
silly testEngine   path: '/var/folders/az/aziCVlj5EbKvVhRSiZd3+k+++TI/-Tmp-/npm-1307737312067/1307737312067-0.7118088842835277/contents/package' }
verbose caching /var/folders/az/aziCVlj5EbKvVhRSiZd3+k+++TI/-Tmp-/npm-1307737312067/1307737312067-0.7118088842835277/contents/package/package.json
verbose loadDefaults node-static@0.5.6
verbose tarball contents [ 'package' ]
verbose from cache /var/folders/az/aziCVlj5EbKvVhRSiZd3+k+++TI/-Tmp-/npm-1307737312067/1307737312067-0.7118088842835277/contents/package/package.json
verbose pack /var/folders/az/aziCVlj5EbKvVhRSiZd3+k+++TI/-Tmp-/npm-1307737312067/1307737312067-0.7118088842835277/contents/package /Users/okketimm/.npm/node-static/0.5.6/package.tgz
verbose from cache /var/folders/az/aziCVlj5EbKvVhRSiZd3+k+++TI/-Tmp-/npm-1307737312067/1307737312067-0.7118088842835277/contents/package/package.json
verbose mkdir'ed /Users/okketimm/.npm/node-static/0.5.6
verbose tar about to write tar and gzip it.
silly tar args [ '-cvf',
silly tar args   '-',
silly tar args   'package/LICENSE',
silly tar args   'package/package.json',
silly tar args   'package/README.md',
silly tar args   'package/benchmark/node-static-0.3.0.txt',
silly tar args   'package/examples/file-server.js',
silly tar args   'package/lib/node-static.js',
silly tar args   'package/lib/node-static/mime.js',
silly tar args   'package/lib/node-static/util.js' ]
verbose success tar -cvf - <file list elided>
verbose success gzip "--stdout"
verbose mkdir done: /Users/okketimm/.npm/node-static/0.5.6/___package.npm 755
verbose unpack_ uid, gid [ undefined, undefined ]
verbose unpackTarget /Users/okketimm/.npm/node-static/0.5.6/package
silly gunzTarPerm modes [ '755', '644' ]
verbose success gzip "--decompress" "--stdout" "/Users/okketimm/.npm/node-static/0.5.6/package.tgz"
verbose success tar "-mvxpf" "-" "--no-same-owner" "-C" "/Users/okketimm/.npm/node-static/0.5.6/___package.npm"
silly asyncMap in gTP /Users/okketimm/.npm/node-static/0.5.6/___package.npm/package/
silly asyncMap in gTP /Users/okketimm/.npm/node-static/0.5.6/___package.npm/package/LICENSE
silly asyncMap in gTP /Users/okketimm/.npm/node-static/0.5.6/___package.npm/package/package.json
silly asyncMap in gTP /Users/okketimm/.npm/node-static/0.5.6/___package.npm/package/README.md
silly asyncMap in gTP /Users/okketimm/.npm/node-static/0.5.6/___package.npm/package/benchmark/
silly asyncMap in gTP /Users/okketimm/.npm/node-static/0.5.6/___package.npm/package/benchmark/node-static-0.3.0.txt
silly asyncMap in gTP /Users/okketimm/.npm/node-static/0.5.6/___package.npm/package/examples/
silly asyncMap in gTP /Users/okketimm/.npm/node-static/0.5.6/___package.npm/package/examples/file-server.js
silly asyncMap in gTP /Users/okketimm/.npm/node-static/0.5.6/___package.npm/package/lib/
silly asyncMap in gTP /Users/okketimm/.npm/node-static/0.5.6/___package.npm/package/lib/node-static.js
silly asyncMap in gTP /Users/okketimm/.npm/node-static/0.5.6/___package.npm/package/lib/node-static/
silly asyncMap in gTP /Users/okketimm/.npm/node-static/0.5.6/___package.npm/package/lib/node-static/mime.js
silly asyncMap in gTP /Users/okketimm/.npm/node-static/0.5.6/___package.npm/package/lib/node-static/util.js
verbose gunzed /Users/okketimm/.npm/node-static/0.5.6/___package.npm/package
verbose rm'ed /Users/okketimm/.npm/node-static/0.5.6/package
verbose renamed [ '/Users/okketimm/.npm/node-static/0.5.6/___package.npm/package',
verbose renamed   '/Users/okketimm/.npm/node-static/0.5.6/package' ]
silly testEngine { name: 'node-static',
silly testEngine   description: 'simple, compliant file streaming module for node',
silly testEngine   url: 'http://github.com/cloudhead/node-static',
silly testEngine   keywords: [ 'http', 'static', 'file', 'server' ],
silly testEngine   author: 
silly testEngine    { name: 'Alexis Sellier',
silly testEngine      email: 'self@cloudhead.net' },
silly testEngine   contributors: [],
silly testEngine   licenses: [ 'MIT' ],
silly testEngine   dependencies: {},
silly testEngine   lib: 'lib',
silly testEngine   main: './lib/node-static',
silly testEngine   version: '0.5.6',
silly testEngine   directories: { test: './test' },
silly testEngine   engines: { node: '>= 0.4.1' },
silly testEngine   devDependencies: {},
silly testEngine   _id: 'node-static@0.5.6',
silly testEngine   _engineSupported: true,
silly testEngine   _npmVersion: '1.0.6',
silly testEngine   _nodeVersion: 'v0.4.8',
silly testEngine   _defaultsLoaded: true,
silly testEngine   dist: { shasum: '510f92aad1974d51b61f06c9de5a7fbf56355170' } }
verbose caching /Users/okketimm/.npm/node-static/0.5.6/package/package.json
verbose loadDefaults node-static@0.5.6
silly updated sha bytes 7110
info shasum 510f92aad1974d51b61f06c9de5a7fbf56355170
info shasum /Users/okketimm/.npm/node-static/0.5.6/package.tgz
verbose from cache /Users/okketimm/.npm/node-static/0.5.6/package/package.json
verbose chmod /Users/okketimm/.npm/node-static/0.5.6/package.json 644
verbose chmod /Users/okketimm/.npm/node-static/0.5.6/package.tgz 644
silly resolved [ { name: 'node-static',
silly resolved     description: 'simple, compliant file streaming module for node',
silly resolved     url: 'http://github.com/cloudhead/node-static',
silly resolved     keywords: [ 'http', 'static', 'file', 'server' ],
silly resolved     author: 
silly resolved      { name: 'Alexis Sellier',
silly resolved        email: 'self@cloudhead.net' },
silly resolved     contributors: [],
silly resolved     licenses: [ 'MIT' ],
silly resolved     dependencies: {},
silly resolved     lib: 'lib',
silly resolved     main: './lib/node-static',
silly resolved     version: '0.5.6',
silly resolved     directories: { test: './test' },
silly resolved     engines: { node: '>= 0.4.1' },
silly resolved     devDependencies: {},
silly resolved     _id: 'node-static@0.5.6',
silly resolved     _engineSupported: true,
silly resolved     _npmVersion: '1.0.6',
silly resolved     _nodeVersion: 'v0.4.8',
silly resolved     _defaultsLoaded: true,
silly resolved     dist: { shasum: '510f92aad1974d51b61f06c9de5a7fbf56355170' } } ]
info into /Volumes/Caruso/rsync/src/Playground/livestats node-static@0.5.6
info installOne node-static@0.5.6
info unbuild /Volumes/Caruso/rsync/src/Playground/livestats/node_modules/node-static
silly testEngine { name: 'node-static',
silly testEngine   description: 'simple, compliant file streaming module for node',
silly testEngine   url: 'http://github.com/cloudhead/node-static',
silly testEngine   keywords: [ 'http', 'static', 'file', 'server' ],
silly testEngine   author: 
silly testEngine    { name: 'Alexis Sellier',
silly testEngine      email: 'self@cloudhead.net' },
silly testEngine   contributors: [],
silly testEngine   licenses: [ 'MIT' ],
silly testEngine   dependencies: {},
silly testEngine   lib: 'lib',
silly testEngine   main: './lib/node-static',
silly testEngine   version: '0.5.6',
silly testEngine   directories: { test: './test' },
silly testEngine   engines: { node: '>= 0.4.1' },
silly testEngine   devDependencies: {},
silly testEngine   _id: 'node-static@0.5.6',
silly testEngine   _engineSupported: true,
silly testEngine   _npmVersion: '1.0.6',
silly testEngine   _nodeVersion: 'v0.4.8',
silly testEngine   _defaultsLoaded: true,
silly testEngine   dist: { shasum: '510f92aad1974d51b61f06c9de5a7fbf56355170' } }
verbose caching /Users/okketimm/.npm/node-static/0.5.6/package.json
verbose mkdir done: /Volumes/Caruso/rsync/src/Playground/livestats/node_modules/___node-static.npm 755
verbose unpack_ uid, gid [ undefined, undefined ]
verbose unpackTarget /Volumes/Caruso/rsync/src/Playground/livestats/node_modules/node-static
silly gunzTarPerm modes [ '755', '644' ]
verbose success gzip "--decompress" "--stdout" "/Users/okketimm/.npm/node-static/0.5.6/package.tgz"
verbose success tar "-mvxpf" "-" "--no-same-owner" "-C" "/Volumes/Caruso/rsync/src/Playground/livestats/node_modules/___node-static.npm"
silly asyncMap in gTP /Volumes/Caruso/rsync/src/Playground/livestats/node_modules/___node-static.npm/package/
silly asyncMap in gTP /Volumes/Caruso/rsync/src/Playground/livestats/node_modules/___node-static.npm/package/LICENSE
silly asyncMap in gTP /Volumes/Caruso/rsync/src/Playground/livestats/node_modules/___node-static.npm/package/package.json
silly asyncMap in gTP /Volumes/Caruso/rsync/src/Playground/livestats/node_modules/___node-static.npm/package/README.md
silly asyncMap in gTP /Volumes/Caruso/rsync/src/Playground/livestats/node_modules/___node-static.npm/package/benchmark/
silly asyncMap in gTP /Volumes/Caruso/rsync/src/Playground/livestats/node_modules/___node-static.npm/package/benchmark/node-static-0.3.0.txt
silly asyncMap in gTP /Volumes/Caruso/rsync/src/Playground/livestats/node_modules/___node-static.npm/package/examples/
silly asyncMap in gTP /Volumes/Caruso/rsync/src/Playground/livestats/node_modules/___node-static.npm/package/examples/file-server.js
silly asyncMap in gTP /Volumes/Caruso/rsync/src/Playground/livestats/node_modules/___node-static.npm/package/lib/
silly asyncMap in gTP /Volumes/Caruso/rsync/src/Playground/livestats/node_modules/___node-static.npm/package/lib/node-static.js
silly asyncMap in gTP /Volumes/Caruso/rsync/src/Playground/livestats/node_modules/___node-static.npm/package/lib/node-static/
silly asyncMap in gTP /Volumes/Caruso/rsync/src/Playground/livestats/node_modules/___node-static.npm/package/lib/node-static/mime.js
silly asyncMap in gTP /Volumes/Caruso/rsync/src/Playground/livestats/node_modules/___node-static.npm/package/lib/node-static/util.js
ERR! error installing node-static@0.5.6 Error: EPERM, Operation not permitted '/Volumes/Caruso/rsync/src/Playground/livestats/node_modules/___node-static.npm/package/'
info unbuild /Volumes/Caruso/rsync/src/Playground/livestats/node_modules/node-static
verbose installOne cb node-static@0.5.6
ERR! Error: EPERM, Operation not permitted '/Volumes/Caruso/rsync/src/Playground/livestats/node_modules/___node-static.npm/package/'
ERR! 
ERR! Please use 'sudo' or log in as root to run this command.
ERR!     sudo npm "install" "node-static"
ERR! or set the 'unsafe-perm' config var to true.
ERR!     npm config set unsafe-perm true
ERR! 
ERR! System Darwin 10.7.0
ERR! command "node" "/usr/local/bin/npm" "install" "node-static"
verbose exit [ 1, true ]
